[2014-11-14 13:42:56.5528]INFO | ------------------t参把计-------------------- 
[2014-11-14 13:42:56.7244]INFO | t参App.config]wCompanyID: MCUT 
[2014-11-14 13:42:56.7244]INFO | t参App.config]wProjectID: MCUT_HeatPump 
[2014-11-14 13:42:56.7244]INFO | t参App.config]wEquipmentIDs: Tower01 
[2014-11-14 13:42:56.7244]INFO | t参App.config]wIP: 192.168.108.240 
[2014-11-14 13:42:56.7244]INFO | t参App.config]wPort: 502 
[2014-11-14 13:42:56.7400]INFO | t参App.config]wProgrammerMail: milton31413@fpg.com.tw 
[2014-11-14 13:42:56.7400]INFO | t参App.config]wReTryTimes: 1 
[2014-11-14 13:42:56.7400]INFO | t参App.config]wDBCallTimes: 3 
[2014-11-14 13:42:56.7400]INFO | t参App.config]wCheckMeterParaTime: 5 
[2014-11-14 13:42:56.7400]INFO | t参App.config]wSplitSymbol: . 
[2014-11-14 13:42:56.7556]INFO | t参App.config]wReceiveTimeout: 30 
[2014-11-14 13:42:56.7556]INFO | t参App.config]wEquipmentsFilePath: C:\TA-LR6641-Second.xml 
[2014-11-14 13:42:56.7556]INFO | t参App.config]wPointsFilePath: C:\TA-LR6641-Points.xml 
[2014-11-14 13:42:56.7556]INFO | t参App.config]wEquipmentStateTime: 60 
[2014-11-14 13:42:56.7556]INFO | t参App.config]wSystemRunTimeRecord: 120 
[2014-11-14 13:42:56.7556]INFO | t参App.config]wEquipmentType: ね 
[2014-11-14 13:42:56.7712]INFO | t参App.config]wEquipmenStateCheck: 600 
[2014-11-14 13:42:56.7712]INFO | ------------------t参把计-------------------- 
[2014-11-14 13:49:51.0912]INFO | ------------------t参把计-------------------- 
[2014-11-14 13:49:51.1380]INFO | t参App.config]wCompanyID: MCUT 
[2014-11-14 13:49:51.1380]INFO | t参App.config]wProjectID: MCUT_HeatPump 
[2014-11-14 13:49:51.1380]INFO | t参App.config]wEquipmentIDs: Tower01 
[2014-11-14 13:49:51.1380]INFO | t参App.config]wIP: 192.168.108.240 
[2014-11-14 13:49:51.1380]INFO | t参App.config]wPort: 502 
[2014-11-14 13:49:51.1380]INFO | t参App.config]wProgrammerMail: milton31413@fpg.com.tw 
[2014-11-14 13:49:51.1380]INFO | t参App.config]wReTryTimes: 1 
[2014-11-14 13:49:51.1380]INFO | t参App.config]wDBCallTimes: 3 
[2014-11-14 13:49:51.1380]INFO | t参App.config]wCheckMeterParaTime: 5 
[2014-11-14 13:49:51.1536]INFO | t参App.config]wSplitSymbol: . 
[2014-11-14 13:49:51.1536]INFO | t参App.config]wReceiveTimeout: 30 
[2014-11-14 13:49:51.1536]INFO | t参App.config]wEquipmentsFilePath: C:\TA-LR6641-Second.xml 
[2014-11-14 13:49:51.1536]INFO | t参App.config]wPointsFilePath: C:\TA-LR6641-Points.xml 
[2014-11-14 13:49:51.1536]INFO | t参App.config]wEquipmentStateTime: 60 
[2014-11-14 13:49:51.1536]INFO | t参App.config]wSystemRunTimeRecord: 120 
[2014-11-14 13:49:51.1536]INFO | t参App.config]wEquipmentType: ね 
[2014-11-14 13:49:51.1536]INFO | t参App.config]wEquipmenStateCheck: 600 
[2014-11-14 13:49:51.1536]INFO | ------------------t参把计-------------------- 
[2014-11-14 13:57:14.5432]INFO | ------------------t参把计-------------------- 
[2014-11-14 13:57:14.5900]INFO | t参App.config]wCompanyID: MCUT 
[2014-11-14 13:57:14.5900]INFO | t参App.config]wProjectID: MCUT_HeatPump 
[2014-11-14 13:57:14.6680]INFO | t参App.config]wEquipmentIDs: Tower01 
[2014-11-14 13:57:14.6680]INFO | t参App.config]wIP: 192.168.108.240 
[2014-11-14 13:57:14.6836]INFO | t参App.config]wPort: 502 
[2014-11-14 13:57:14.6836]INFO | t参App.config]wProgrammerMail: milton31413@fpg.com.tw 
[2014-11-14 13:57:14.6836]INFO | t参App.config]wReTryTimes: 1 
[2014-11-14 13:57:14.6836]INFO | t参App.config]wDBCallTimes: 3 
[2014-11-14 13:57:14.6836]INFO | t参App.config]wCheckMeterParaTime: 5 
[2014-11-14 13:57:14.6992]INFO | t参App.config]wSplitSymbol: . 
[2014-11-14 13:57:14.6992]INFO | t参App.config]wReceiveTimeout: 30 
[2014-11-14 13:57:14.7148]INFO | t参App.config]wEquipmentsFilePath: C:\TA-LR6641-Second.xml 
[2014-11-14 13:57:14.7148]INFO | t参App.config]wPointsFilePath: C:\TA-LR6641-Points.xml 
[2014-11-14 13:57:14.7148]INFO | t参App.config]wEquipmentStateTime: 60 
[2014-11-14 13:57:14.7304]INFO | t参App.config]wSystemRunTimeRecord: 120 
[2014-11-14 13:57:14.7304]INFO | t参App.config]wEquipmentType: ね 
[2014-11-14 13:57:14.7460]INFO | t参App.config]wEquipmenStateCheck: 600 
[2014-11-14 13:57:14.7460]INFO | ------------------t参把计-------------------- 
[2014-11-14 13:59:49.9632]INFO | ------------------t参把计-------------------- 
[2014-11-14 13:59:49.9788]INFO | t参App.config]wCompanyID: MCUT 
[2014-11-14 13:59:49.9944]INFO | t参App.config]wProjectID: MCUT_HeatPump 
[2014-11-14 13:59:49.9944]INFO | t参App.config]wEquipmentIDs: Tower01 
[2014-11-14 13:59:49.9944]INFO | t参App.config]wIP: 192.168.108.240 
[2014-11-14 13:59:49.9944]INFO | t参App.config]wPort: 502 
[2014-11-14 13:59:49.9944]INFO | t参App.config]wProgrammerMail: milton31413@fpg.com.tw 
[2014-11-14 13:59:49.9944]INFO | t参App.config]wReTryTimes: 1 
[2014-11-14 13:59:49.9944]INFO | t参App.config]wDBCallTimes: 3 
[2014-11-14 13:59:49.9944]INFO | t参App.config]wCheckMeterParaTime: 5 
[2014-11-14 13:59:49.9944]INFO | t参App.config]wSplitSymbol: . 
[2014-11-14 13:59:49.9944]INFO | t参App.config]wReceiveTimeout: 30 
[2014-11-14 13:59:49.9944]INFO | t参App.config]wEquipmentsFilePath: C:\TA-LR6641-Second.xml 
[2014-11-14 13:59:49.9944]INFO | t参App.config]wPointsFilePath: C:\TA-LR6641-Points.xml 
[2014-11-14 13:59:49.9944]INFO | t参App.config]wEquipmentStateTime: 60 
[2014-11-14 13:59:49.9944]INFO | t参App.config]wSystemRunTimeRecord: 120 
[2014-11-14 13:59:50.0100]INFO | t参App.config]wEquipmentType: ね 
[2014-11-14 13:59:50.0100]INFO | t参App.config]wEquipmenStateCheck: 600 
[2014-11-14 13:59:50.0100]INFO | ------------------t参把计-------------------- 
[2014-11-14 15:41:02.6256]INFO | ------------------t参把计-------------------- 
[2014-11-14 15:41:02.6880]INFO | t参App.config]wCompanyID: MCUT 
[2014-11-14 15:41:02.6880]INFO | t参App.config]wProjectID: MCUT_HeatPump 
[2014-11-14 15:41:02.6880]INFO | t参App.config]wEquipmentIDs: Tower01 
[2014-11-14 15:41:02.6880]INFO | t参App.config]wIP: 192.168.108.240 
[2014-11-14 15:41:02.6880]INFO | t参App.config]wPort: 502 
[2014-11-14 15:41:02.7036]INFO | t参App.config]wProgrammerMail: milton31413@fpg.com.tw 
[2014-11-14 15:41:02.7036]INFO | t参App.config]wReTryTimes: 1 
[2014-11-14 15:41:02.7036]INFO | t参App.config]wDBCallTimes: 3 
[2014-11-14 15:41:02.7036]INFO | t参App.config]wCheckMeterParaTime: 5 
[2014-11-14 15:41:02.7036]INFO | t参App.config]wSplitSymbol: . 
[2014-11-14 15:41:02.7036]INFO | t参App.config]wReceiveTimeout: 30 
[2014-11-14 15:41:02.7036]INFO | t参App.config]wEquipmentsFilePath: C:\TA-LR6641-Second.xml 
[2014-11-14 15:41:02.7036]INFO | t参App.config]wPointsFilePath: C:\TA-LR6641-Points.xml 
[2014-11-14 15:41:02.7036]INFO | t参App.config]wEquipmentStateTime: 60 
[2014-11-14 15:41:02.7036]INFO | t参App.config]wSystemRunTimeRecord: 120 
[2014-11-14 15:41:02.7036]INFO | t参App.config]wEquipmentType: ね 
[2014-11-14 15:41:02.7036]INFO | t参App.config]wEquipmenStateCheck: 600 
[2014-11-14 15:41:02.7036]INFO | ------------------t参把计-------------------- 
[2014-11-14 16:01:53.0339]INFO | ------------------t参把计-------------------- 
[2014-11-14 16:01:53.0651]INFO | t参App.config]wCompanyID: MCUT 
[2014-11-14 16:01:53.0651]INFO | t参App.config]wProjectID: MCUT_HeatPump 
[2014-11-14 16:01:53.0651]INFO | t参App.config]wEquipmentIDs: Tower01 
[2014-11-14 16:01:53.0651]INFO | t参App.config]wIP: 192.168.108.240 
[2014-11-14 16:01:53.0651]INFO | t参App.config]wPort: 502 
[2014-11-14 16:01:53.0651]INFO | t参App.config]wProgrammerMail: milton31413@fpg.com.tw 
[2014-11-14 16:01:53.0651]INFO | t参App.config]wReTryTimes: 1 
[2014-11-14 16:01:53.0651]INFO | t参App.config]wDBCallTimes: 3 
[2014-11-14 16:01:53.0651]INFO | t参App.config]wCheckMeterParaTime: 5 
[2014-11-14 16:01:53.0651]INFO | t参App.config]wSplitSymbol: . 
[2014-11-14 16:01:53.0651]INFO | t参App.config]wReceiveTimeout: 30 
[2014-11-14 16:01:53.0651]INFO | t参App.config]wEquipmentsFilePath: C:\TA-LR6641-Second.xml 
[2014-11-14 16:01:53.0651]INFO | t参App.config]wPointsFilePath: C:\TA-LR6641-Points.xml 
[2014-11-14 16:01:53.0651]INFO | t参App.config]wEquipmentStateTime: 60 
[2014-11-14 16:01:53.0651]INFO | t参App.config]wSystemRunTimeRecord: 120 
[2014-11-14 16:01:53.0651]INFO | t参App.config]wEquipmentType: ね 
[2014-11-14 16:01:53.0807]INFO | t参App.config]wEquipmenStateCheck: 600 
[2014-11-14 16:01:53.0807]INFO | ------------------t参把计-------------------- 
[2014-11-14 16:02:05.4666]INFO | ------------------t参把计-------------------- 
[2014-11-14 16:02:05.4822]INFO | t参App.config]wCompanyID: MCUT 
[2014-11-14 16:02:05.4822]INFO | t参App.config]wProjectID: MCUT_HeatPump 
[2014-11-14 16:02:05.4822]INFO | t参App.config]wEquipmentIDs: Tower01 
[2014-11-14 16:02:05.4822]INFO | t参App.config]wIP: 192.168.108.240 
[2014-11-14 16:02:05.4822]INFO | t参App.config]wPort: 502 
[2014-11-14 16:02:05.4822]INFO | t参App.config]wProgrammerMail: milton31413@fpg.com.tw 
[2014-11-14 16:02:05.4822]INFO | t参App.config]wReTryTimes: 1 
[2014-11-14 16:02:05.4978]INFO | t参App.config]wDBCallTimes: 3 
[2014-11-14 16:02:05.4978]INFO | t参App.config]wCheckMeterParaTime: 5 
[2014-11-14 16:02:05.4978]INFO | t参App.config]wSplitSymbol: . 
[2014-11-14 16:02:05.4978]INFO | t参App.config]wReceiveTimeout: 30 
[2014-11-14 16:02:05.4978]INFO | t参App.config]wEquipmentsFilePath: C:\TA-LR6641-Second.xml 
[2014-11-14 16:02:05.4978]INFO | t参App.config]wPointsFilePath: C:\TA-LR6641-Points.xml 
[2014-11-14 16:02:05.4978]INFO | t参App.config]wEquipmentStateTime: 60 
[2014-11-14 16:02:05.4978]INFO | t参App.config]wSystemRunTimeRecord: 120 
[2014-11-14 16:02:05.4978]INFO | t参App.config]wEquipmentType: ね 
[2014-11-14 16:02:05.4978]INFO | t参App.config]wEquipmenStateCheck: 600 
[2014-11-14 16:02:05.4978]INFO | ------------------t参把计-------------------- 
