[2014-11-12 17:55:09.8879]INFO | ------------------t参把计-------------------- 
[2014-11-12 17:55:09.9191]INFO | t参App.config]wCompanyID: MCUT 
[2014-11-12 17:55:09.9191]INFO | t参App.config]wProjectID: MCUT_HeatPump 
[2014-11-12 17:55:09.9191]INFO | t参App.config]wEquipmentIDs: Tower01 
[2014-11-12 17:55:09.9191]INFO | t参App.config]wIP: 192.168.108.240 
[2014-11-12 17:55:09.9191]INFO | t参App.config]wPort: 502 
[2014-11-12 17:55:09.9191]INFO | t参App.config]wProgrammerMail: milton31413@fpg.com.tw 
[2014-11-12 17:55:09.9191]INFO | t参App.config]wReTryTimes: 1 
[2014-11-12 17:55:09.9191]INFO | t参App.config]wDBCallTimes: 3 
[2014-11-12 17:55:09.9191]INFO | t参App.config]wCheckMeterParaTime: 5 
[2014-11-12 17:55:09.9191]INFO | t参App.config]wSplitSymbol: . 
[2014-11-12 17:55:09.9191]INFO | t参App.config]wReceiveTimeout: 30 
[2014-11-12 17:55:09.9191]INFO | t参App.config]wEquipmentsFilePath: C:\TA-LR6641-Second.xml 
[2014-11-12 17:55:09.9191]INFO | t参App.config]wPointsFilePath: C:\TA-LR6641-Points.xml 
[2014-11-12 17:55:09.9191]INFO | t参App.config]wEquipmentStateTime: 60 
[2014-11-12 17:55:09.9191]INFO | t参App.config]wSystemRunTimeRecord: 120 
[2014-11-12 17:55:09.9503]INFO | t参App.config]wEquipmentType: ね 
[2014-11-12 17:55:09.9659]INFO | t参App.config]wEquipmenStateCheck: 600 
[2014-11-12 17:55:09.9659]INFO | ------------------t参把计-------------------- 
[2014-11-12 18:00:09.1902]INFO | ------------------t参把计-------------------- 
[2014-11-12 18:00:09.2214]INFO | t参App.config]wCompanyID: MCUT 
[2014-11-12 18:00:09.2214]INFO | t参App.config]wProjectID: MCUT_HeatPump 
[2014-11-12 18:00:09.2214]INFO | t参App.config]wEquipmentIDs: Tower01 
[2014-11-12 18:00:09.2214]INFO | t参App.config]wIP: 192.168.108.240 
[2014-11-12 18:00:09.2214]INFO | t参App.config]wPort: 502 
[2014-11-12 18:00:09.2214]INFO | t参App.config]wProgrammerMail: milton31413@fpg.com.tw 
[2014-11-12 18:00:09.2214]INFO | t参App.config]wReTryTimes: 1 
[2014-11-12 18:00:09.2214]INFO | t参App.config]wDBCallTimes: 3 
[2014-11-12 18:00:09.2370]INFO | t参App.config]wCheckMeterParaTime: 5 
[2014-11-12 18:00:09.2370]INFO | t参App.config]wSplitSymbol: . 
[2014-11-12 18:00:09.2370]INFO | t参App.config]wReceiveTimeout: 30 
[2014-11-12 18:00:09.2370]INFO | t参App.config]wEquipmentsFilePath: C:\TA-LR6641-Second.xml 
[2014-11-12 18:00:09.2370]INFO | t参App.config]wPointsFilePath: C:\TA-LR6641-Points.xml 
[2014-11-12 18:00:09.2370]INFO | t参App.config]wEquipmentStateTime: 60 
[2014-11-12 18:00:09.2370]INFO | t参App.config]wSystemRunTimeRecord: 120 
[2014-11-12 18:00:09.2370]INFO | t参App.config]wEquipmentType: ね 
[2014-11-12 18:00:09.2370]INFO | t参App.config]wEquipmenStateCheck: 600 
[2014-11-12 18:00:09.2370]INFO | ------------------t参把计-------------------- 
[2014-11-12 18:00:49.1231]INFO | ------------------t参把计-------------------- 
[2014-11-12 18:00:49.1387]INFO | t参App.config]wCompanyID: MCUT 
[2014-11-12 18:00:49.1387]INFO | t参App.config]wProjectID: MCUT_HeatPump 
[2014-11-12 18:00:49.1387]INFO | t参App.config]wEquipmentIDs: Tower01 
[2014-11-12 18:00:49.1387]INFO | t参App.config]wIP: 192.168.108.240 
[2014-11-12 18:00:49.1387]INFO | t参App.config]wPort: 502 
[2014-11-12 18:00:49.1387]INFO | t参App.config]wProgrammerMail: milton31413@fpg.com.tw 
[2014-11-12 18:00:49.1387]INFO | t参App.config]wReTryTimes: 1 
[2014-11-12 18:00:49.1387]INFO | t参App.config]wDBCallTimes: 3 
[2014-11-12 18:00:49.1387]INFO | t参App.config]wCheckMeterParaTime: 5 
[2014-11-12 18:00:49.1387]INFO | t参App.config]wSplitSymbol: . 
[2014-11-12 18:00:49.1387]INFO | t参App.config]wReceiveTimeout: 30 
[2014-11-12 18:00:49.1387]INFO | t参App.config]wEquipmentsFilePath: C:\TA-LR6641-Second.xml 
[2014-11-12 18:00:49.1387]INFO | t参App.config]wPointsFilePath: C:\TA-LR6641-Points.xml 
[2014-11-12 18:00:49.1387]INFO | t参App.config]wEquipmentStateTime: 60 
[2014-11-12 18:00:49.1387]INFO | t参App.config]wSystemRunTimeRecord: 120 
[2014-11-12 18:00:49.1387]INFO | t参App.config]wEquipmentType: ね 
[2014-11-12 18:00:49.1387]INFO | t参App.config]wEquipmenStateCheck: 600 
[2014-11-12 18:00:49.1543]INFO | ------------------t参把计-------------------- 
[2014-11-12 18:07:48.7638]INFO | ------------------t参把计-------------------- 
[2014-11-12 18:07:48.7794]INFO | t参App.config]wCompanyID: MCUT 
[2014-11-12 18:07:48.7794]INFO | t参App.config]wProjectID: MCUT_HeatPump 
[2014-11-12 18:07:48.7794]INFO | t参App.config]wEquipmentIDs: Tower01 
[2014-11-12 18:07:48.7794]INFO | t参App.config]wIP: 192.168.108.240 
[2014-11-12 18:07:48.7794]INFO | t参App.config]wPort: 502 
[2014-11-12 18:07:48.7794]INFO | t参App.config]wProgrammerMail: milton31413@fpg.com.tw 
[2014-11-12 18:07:48.7794]INFO | t参App.config]wReTryTimes: 1 
[2014-11-12 18:07:48.7950]INFO | t参App.config]wDBCallTimes: 3 
[2014-11-12 18:07:48.7950]INFO | t参App.config]wCheckMeterParaTime: 5 
[2014-11-12 18:07:48.7950]INFO | t参App.config]wSplitSymbol: . 
[2014-11-12 18:07:48.7950]INFO | t参App.config]wReceiveTimeout: 30 
[2014-11-12 18:07:48.7950]INFO | t参App.config]wEquipmentsFilePath: C:\TA-LR6641-Second.xml 
[2014-11-12 18:07:48.7950]INFO | t参App.config]wPointsFilePath: C:\TA-LR6641-Points.xml 
[2014-11-12 18:07:48.7950]INFO | t参App.config]wEquipmentStateTime: 60 
[2014-11-12 18:07:48.7950]INFO | t参App.config]wSystemRunTimeRecord: 120 
[2014-11-12 18:07:48.7950]INFO | t参App.config]wEquipmentType: ね 
[2014-11-12 18:07:48.7950]INFO | t参App.config]wEquipmenStateCheck: 600 
[2014-11-12 18:07:48.7950]INFO | ------------------t参把计-------------------- 
