[2014-11-03 11:39:45.8770]INFO | ------------------t参把计-------------------- 
[2014-11-03 11:39:45.9394]INFO | t参App.config]wCompanyID: MCUT 
[2014-11-03 11:39:45.9394]INFO | t参App.config]wProjectID: MCUT_HeatPump 
[2014-11-03 11:39:45.9394]INFO | t参App.config]wEquipmentIDs: Tower01 
[2014-11-03 11:39:45.9394]INFO | t参App.config]wIP: 192.168.108.240 
[2014-11-03 11:39:45.9394]INFO | t参App.config]wPort: 502 
[2014-11-03 11:39:45.9394]INFO | t参App.config]wProgrammerMail: milton31413@fpg.com.tw 
[2014-11-03 11:39:45.9394]INFO | t参App.config]wReTryTimes: 1 
[2014-11-03 11:39:45.9394]INFO | t参App.config]wDBCallTimes: 3 
[2014-11-03 11:39:45.9394]INFO | t参App.config]wCheckMeterParaTime: 5 
[2014-11-03 11:39:45.9394]INFO | t参App.config]wSplitSymbol: . 
[2014-11-03 11:39:45.9394]INFO | t参App.config]wReceiveTimeout: 30 
[2014-11-03 11:39:45.9394]INFO | t参App.config]wEquipmentsFilePath: C:\TA-LR6641-Second.xml 
[2014-11-03 11:39:45.9394]INFO | t参App.config]wPointsFilePath: C:\TA-LR6641-Points.xml 
[2014-11-03 11:39:45.9394]INFO | t参App.config]wEquipmentStateTime: 60 
[2014-11-03 11:39:45.9394]INFO | t参App.config]wSystemRunTimeRecord: 120 
[2014-11-03 11:39:45.9394]INFO | t参App.config]wEquipmentType: ね 
[2014-11-03 11:39:45.9550]INFO | t参App.config]wEquipmenStateCheck: 600 
[2014-11-03 11:39:45.9550]INFO | ------------------t参把计-------------------- 
[2014-11-03 11:40:21.6738]INFO | ------------------t参把计-------------------- 
[2014-11-03 11:40:21.6894]INFO | t参App.config]wCompanyID: MCUT 
[2014-11-03 11:40:21.6894]INFO | t参App.config]wProjectID: MCUT_HeatPump 
[2014-11-03 11:40:21.6894]INFO | t参App.config]wEquipmentIDs: Tower01 
[2014-11-03 11:40:21.6894]INFO | t参App.config]wIP: 192.168.108.240 
[2014-11-03 11:40:21.7050]INFO | t参App.config]wPort: 502 
[2014-11-03 11:40:21.7050]INFO | t参App.config]wProgrammerMail: milton31413@fpg.com.tw 
[2014-11-03 11:40:21.7050]INFO | t参App.config]wReTryTimes: 1 
[2014-11-03 11:40:21.7050]INFO | t参App.config]wDBCallTimes: 3 
[2014-11-03 11:40:21.7050]INFO | t参App.config]wCheckMeterParaTime: 5 
[2014-11-03 11:40:21.7050]INFO | t参App.config]wSplitSymbol: . 
[2014-11-03 11:40:21.7050]INFO | t参App.config]wReceiveTimeout: 30 
[2014-11-03 11:40:21.7050]INFO | t参App.config]wEquipmentsFilePath: C:\TA-LR6641-Second.xml 
[2014-11-03 11:40:21.7050]INFO | t参App.config]wPointsFilePath: C:\TA-LR6641-Points.xml 
[2014-11-03 11:40:21.7050]INFO | t参App.config]wEquipmentStateTime: 60 
[2014-11-03 11:40:21.7050]INFO | t参App.config]wSystemRunTimeRecord: 120 
[2014-11-03 11:40:21.7050]INFO | t参App.config]wEquipmentType: ね 
[2014-11-03 11:40:21.7050]INFO | t参App.config]wEquipmenStateCheck: 600 
[2014-11-03 11:40:21.7050]INFO | ------------------t参把计-------------------- 
[2014-11-03 15:00:52.3302]INFO | ------------------t参把计-------------------- 
[2014-11-03 15:00:52.3922]INFO | t参App.config]wCompanyID: MCUT 
[2014-11-03 15:00:52.3922]INFO | t参App.config]wProjectID: MCUT_HeatPump 
[2014-11-03 15:00:52.3922]INFO | t参App.config]wEquipmentIDs: Tower01 
[2014-11-03 15:00:52.3922]INFO | t参App.config]wIP: 192.168.108.240 
[2014-11-03 15:00:52.3922]INFO | t参App.config]wPort: 502 
[2014-11-03 15:00:52.4062]INFO | t参App.config]wProgrammerMail: milton31413@fpg.com.tw 
[2014-11-03 15:00:52.4062]INFO | t参App.config]wReTryTimes: 1 
[2014-11-03 15:00:52.4062]INFO | t参App.config]wDBCallTimes: 3 
[2014-11-03 15:00:52.4062]INFO | t参App.config]wCheckMeterParaTime: 5 
[2014-11-03 15:00:52.4062]INFO | t参App.config]wSplitSymbol: . 
[2014-11-03 15:00:52.4062]INFO | t参App.config]wReceiveTimeout: 30 
[2014-11-03 15:00:52.4062]INFO | t参App.config]wEquipmentsFilePath: C:\TA-LR6641-Second.xml 
[2014-11-03 15:00:52.4202]INFO | t参App.config]wPointsFilePath: C:\TA-LR6641-Points.xml 
[2014-11-03 15:00:52.4202]INFO | t参App.config]wEquipmentStateTime: 60 
[2014-11-03 15:00:52.4202]INFO | t参App.config]wSystemRunTimeRecord: 120 
[2014-11-03 15:00:52.4202]INFO | t参App.config]wEquipmentType: ね 
[2014-11-03 15:00:52.4202]INFO | t参App.config]wEquipmenStateCheck: 600 
[2014-11-03 15:00:52.4202]INFO | ------------------t参把计-------------------- 
